Carte:
	Titlu: "Practical convolutional neural networks: implement advanced deep learning models using Python"
	Autor: Sewak, Mohit and Karim, Md Rezaul and Pujari, Pradeep
	Anul publicarii: 2018
	Editura: Packt Publishing Ltd

Articol la conferinta:
	Titlu: "A review on deep convolutional neural networks"
	Autor: Aloysius, Neena and Geetha, M
	Conferinta: 2017 international conference on communication and signal processing (ICCSP)
	Pagini: 0588--0592
	Anul publicarii: 2017
	Organizatie: IEEE

Articol la conferinta:
	Titlu: "Simple convolutional neural network on image classification"
	Autor: Guo, Tianmei and Dong, Jiwen and Li, Henjian and Gao, Yunxing
	Conferinta: 2017 IEEE 2nd International Conference on Big Data Analysis (ICBDA)
	Pagini: 721--724
	Anul publicarii: 2017
	Organizatie: IEEE

Articol in revista:
	Titlu: "Convolutional neural networks: an overview and application in radiology"
	Autor: Yamashita, Rikiya and Nishio, Mizuho and Do, Richard Kinh Gian and Togashi, Kaori
	Revista: Insights into imaging
	Volum: 9
	Pagini: 611--629
	Anul publicarii: 2018
	Editura: Springer
