Articol la conferinta:
	Titlu: "O scurta introducere in algebra liniara"
	Autor: Andrei Bogdan,   Ionel Tel-Aviv Yafo Sprincenatu
	Anul publicarii: 2023
	Editura: Politehnica

Articol in revista:
	Titlu: "Sisteme de operare: introducere"
	Autor: Bogdan Robi,   Sir Isaac Newton Andrei
	Volum: 15
	Carte: 2020 intalnire locala la asociatia de locatari
	Pagini: 588-592
	Anul publicarii: 2020
	Numar versiune: 2
	Organizatie: BZV AUTO
	Revista: Chiar nu stiu ce as putea sa scriu aici/122:0:1:255
	DOI: 15.13424/articol.bine.facut23123

Articol la conferinta:
	Titlu: "Discutie la alegere"
	Autor:  Andrei Marius Diana, Nelson Muchi, Ciuciulete Mihai, Manescu Bogdan-Constantin,  Ioan-Popa Mihai Bogdan
	Conferinta: 2010 DRPCIV criza de soferi din cauza examenelor auto prea grele
	Pagini: 721-724
	Anul publicarii: 2013
	Organizatie: Care se nimereste, Care se vrea sa fie

Carte:
	Titlu: "Colt Alb si alte opere scrise de el"
	Autor:  Charles Dickens Jack'London
	Revista: O poveste de draguta pentru copii
	Volum: 9
	Pagini: 611-629
	Anul publicarii: 2018
	Editura: Adevarul

Carte:
	Titlu: "Convolutional neural networks: an overview and application in radiology"
	Autor: Rikiya Yamashita, Mizuho Nishio,   Richard Kinh Gian Do, Kaori Togashi
	Revista: Insights into imaging
	Volum: 9
	Pagini: 611-629
	Anul publicarii: 2018
	Editura: Springer

Articol in revista:
	Editura: Android in colaborare cu IOS
	Anul publicarii: 2005
	Revista: Ceva nou::Ceva bun/1224.32::12
	Pagini: 234-451
	Autor: Precedentul Subsemnatul, Sprincenatu B-ogda'n`And'rei
	Volum: 3
	Numar versiune: 13
	Titlu: "Ceva relevant de preferat dar sunt cam lipsit de inspiratie"
	DOI: 1221.1212.alteC.uvinte343245435
	Carte: Pe drumuri de munte

Carte:
	Titlu: "A Theory of Objects"
	Editura: Springer-Verlag New York, Inc.
	Anul publicarii: 1996
	Autor: Martin Abadi, Luca Cardelli

Carte:
	Titlu: "C++ Template Metaprogramming: Concepts, Tools, and Techniques from Boost and Beyond (C++ in Depth Series)"
	Editura: Addison-Wesley Professional
	Anul publicarii: 2004
	Autor: David Abrahams, Aleksey Gurtovoy

Carte:
	Titlu: "Compilers: Principles, Techniques, and Tools (2nd Edition)"
	Editura: Addison-Wesley Longman Publishing Co., Inc.
	Anul publicarii: 2006
	Autor:  Alfred V. Aho,  Monica S. Lam, Ravi Sethi,  	Jeffrey D. Ullman

Carte:
	Titlu: "Modern C++ design: generic programming and design patterns applied"
	Editura: Addison-Wesley Longman Publishing Co., Inc.
	Anul publicarii: 2001
	Autor: Andrei Alexandrescu

Articol la conferinta:
	Autor: Thorsten Altenkirch , Conor Mcbride 
	Titlu: "Generic programming within dependently typed programming"
	Conferinta: In Generic Programming, 2003. Proceedings of the IFIP TC2 Working
	Conference on Generic Programming, Schloss Dagstuhl
	Anul publicarii: 2002
	Pagini: 1-20
	Editura: Kluwer Academic Publishers

Articol la conferinta:
	Autor: Thorsten Altenkirch , Conor Mcbride , James Mckinna 
	Titlu: "Why dependent types matter"
	Conferinta: In preparation, http://www.e-pig.org/downloads/ydtm.pdf
	Anul publicarii: 2005

Articol la conferinta:
	Autor: Biju Appukuttan , Tony Clark , Sreedhar Reddy , Laurence Tratt , R. Venkatesh 
	Titlu: "A Model Driven Approach to Model Transformations"
	Conferinta: Proc. Model Driven Architecture: Foundations and Applications 2003
	Anul publicarii: 2003

Articol la conferinta:
	Autor: Philipp Bachmann
	Titlu: "Static and metaprogramming patterns and static frameworks: a catalog.
	an application"
	Conferinta: PLoP '06: Proceedings of the 2006 conference on Pattern languages
	of programs
	Anul publicarii: 2006
	Pagini: 1-33
	Editura: ACM
	DOI: http://doi.acm.org/10.1145/1415472.1415492

Articol in revista:
	Autor:  Henri E. Bal , Matthew Haines 
	Titlu: "Approaches for Integrating Task and Data Parallelism"
	Revista: IEEE Concurrency
	Anul publicarii: 1998
	Volum: 6
	Pagini: 74-84

Articol la conferinta:
	Autor:  Hamid Abdul Basit ,  Damith C. Rajapakse , Stan Jarzabek 
	Titlu: "Beyond templates: a study of clones in the STL and some general implications"
	Conferinta: In ICSE -05: Proceedings of the 27th international conference on
	Software engineering
	Anul publicarii: 2005
	Pagini: 451-459
	Editura: ACM Press
